<?xml version="1.0" encoding="UTF-8"?>
<testng-results ignored="0" total="13" passed="12" failed="1" skipped="0">
  <reporter-output>
  </reporter-output>
  <suite started-at="2025-05-27T14:27:11 IST" name="Default suite" finished-at="2025-05-27T14:30:13 IST" duration-ms="182208">
    <groups>
    </groups>
    <test started-at="2025-05-27T14:27:11 IST" name="Default test" finished-at="2025-05-27T14:30:13 IST" duration-ms="182208">
      <class name="techflare.swag.Swag_test">
        <test-method is-config="true" signature="beforeMethod()[pri:0, instance:techflare.swag.Swag_test@4afcd809]" started-at="2025-05-27T14:27:12 IST" name="beforeMethod" finished-at="2025-05-27T14:27:14 IST" duration-ms="2526" status="PASS">
          <reporter-output>
          </reporter-output>
        </test-method> <!-- beforeMethod -->
        <test-method signature="valid_login1()[pri:0, instance:techflare.swag.Swag_test@4afcd809]" started-at="2025-05-27T14:27:14 IST" name="valid_login1" finished-at="2025-05-27T14:27:25 IST" duration-ms="11285" status="PASS">
          <reporter-output>
          </reporter-output>
        </test-method> <!-- valid_login1 -->
        <test-method is-config="true" signature="afterMethod()[pri:0, instance:techflare.swag.Swag_test@4afcd809]" started-at="2025-05-27T14:27:25 IST" name="afterMethod" finished-at="2025-05-27T14:27:26 IST" duration-ms="289" status="PASS">
          <reporter-output>
          </reporter-output>
        </test-method> <!-- afterMethod -->
        <test-method is-config="true" signature="beforeMethod()[pri:0, instance:techflare.swag.Swag_test@4afcd809]" started-at="2025-05-27T14:27:26 IST" name="beforeMethod" finished-at="2025-05-27T14:27:27 IST" duration-ms="1606" status="PASS">
          <reporter-output>
          </reporter-output>
        </test-method> <!-- beforeMethod -->
        <test-method signature="invalid_login2()[pri:1, instance:techflare.swag.Swag_test@4afcd809]" started-at="2025-05-27T14:27:27 IST" name="invalid_login2" finished-at="2025-05-27T14:27:29 IST" duration-ms="1528" status="PASS">
          <reporter-output>
          </reporter-output>
        </test-method> <!-- invalid_login2 -->
        <test-method is-config="true" signature="afterMethod()[pri:0, instance:techflare.swag.Swag_test@4afcd809]" started-at="2025-05-27T14:27:29 IST" name="afterMethod" finished-at="2025-05-27T14:27:29 IST" duration-ms="238" status="PASS">
          <reporter-output>
          </reporter-output>
        </test-method> <!-- afterMethod -->
        <test-method is-config="true" signature="beforeMethod()[pri:0, instance:techflare.swag.Swag_test@4afcd809]" started-at="2025-05-27T14:27:29 IST" name="beforeMethod" finished-at="2025-05-27T14:27:31 IST" duration-ms="1957" status="PASS">
          <reporter-output>
          </reporter-output>
        </test-method> <!-- beforeMethod -->
        <test-method signature="invalid_login3()[pri:2, instance:techflare.swag.Swag_test@4afcd809]" started-at="2025-05-27T14:27:31 IST" name="invalid_login3" finished-at="2025-05-27T14:27:33 IST" duration-ms="1946" status="PASS">
          <reporter-output>
          </reporter-output>
        </test-method> <!-- invalid_login3 -->
        <test-method is-config="true" signature="afterMethod()[pri:0, instance:techflare.swag.Swag_test@4afcd809]" started-at="2025-05-27T14:27:33 IST" name="afterMethod" finished-at="2025-05-27T14:27:33 IST" duration-ms="190" status="PASS">
          <reporter-output>
          </reporter-output>
        </test-method> <!-- afterMethod -->
        <test-method is-config="true" signature="beforeMethod()[pri:0, instance:techflare.swag.Swag_test@4afcd809]" started-at="2025-05-27T14:27:33 IST" name="beforeMethod" finished-at="2025-05-27T14:27:35 IST" duration-ms="1701" status="PASS">
          <reporter-output>
          </reporter-output>
        </test-method> <!-- beforeMethod -->
        <test-method signature="invalid_login4()[pri:3, instance:techflare.swag.Swag_test@4afcd809]" started-at="2025-05-27T14:27:35 IST" name="invalid_login4" finished-at="2025-05-27T14:27:37 IST" duration-ms="1972" status="PASS">
          <reporter-output>
          </reporter-output>
        </test-method> <!-- invalid_login4 -->
        <test-method is-config="true" signature="afterMethod()[pri:0, instance:techflare.swag.Swag_test@4afcd809]" started-at="2025-05-27T14:27:37 IST" name="afterMethod" finished-at="2025-05-27T14:27:37 IST" duration-ms="189" status="PASS">
          <reporter-output>
          </reporter-output>
        </test-method> <!-- afterMethod -->
        <test-method is-config="true" signature="beforeMethod()[pri:0, instance:techflare.swag.Swag_test@4afcd809]" started-at="2025-05-27T14:27:37 IST" name="beforeMethod" finished-at="2025-05-27T14:27:39 IST" duration-ms="2301" status="PASS">
          <reporter-output>
          </reporter-output>
        </test-method> <!-- beforeMethod -->
        <test-method signature="invalid_login5()[pri:4, instance:techflare.swag.Swag_test@4afcd809]" started-at="2025-05-27T14:27:39 IST" name="invalid_login5" finished-at="2025-05-27T14:27:41 IST" duration-ms="1814" status="PASS">
          <reporter-output>
          </reporter-output>
        </test-method> <!-- invalid_login5 -->
        <test-method is-config="true" signature="afterMethod()[pri:0, instance:techflare.swag.Swag_test@4afcd809]" started-at="2025-05-27T14:27:41 IST" name="afterMethod" finished-at="2025-05-27T14:27:41 IST" duration-ms="164" status="PASS">
          <reporter-output>
          </reporter-output>
        </test-method> <!-- afterMethod -->
        <test-method is-config="true" signature="beforeMethod()[pri:0, instance:techflare.swag.Swag_test@4afcd809]" started-at="2025-05-27T14:27:41 IST" name="beforeMethod" finished-at="2025-05-27T14:27:43 IST" duration-ms="1824" status="PASS">
          <reporter-output>
          </reporter-output>
        </test-method> <!-- beforeMethod -->
        <test-method signature="invalid_login6()[pri:5, instance:techflare.swag.Swag_test@4afcd809]" started-at="2025-05-27T14:27:43 IST" name="invalid_login6" finished-at="2025-05-27T14:27:45 IST" duration-ms="1776" status="PASS">
          <reporter-output>
          </reporter-output>
        </test-method> <!-- invalid_login6 -->
        <test-method is-config="true" signature="afterMethod()[pri:0, instance:techflare.swag.Swag_test@4afcd809]" started-at="2025-05-27T14:27:45 IST" name="afterMethod" finished-at="2025-05-27T14:27:45 IST" duration-ms="225" status="PASS">
          <reporter-output>
          </reporter-output>
        </test-method> <!-- afterMethod -->
        <test-method is-config="true" signature="beforeMethod()[pri:0, instance:techflare.swag.Swag_test@4afcd809]" started-at="2025-05-27T14:27:45 IST" name="beforeMethod" finished-at="2025-05-27T14:27:47 IST" duration-ms="1766" status="PASS">
          <reporter-output>
          </reporter-output>
        </test-method> <!-- beforeMethod -->
        <test-method signature="invalid_login7()[pri:6, instance:techflare.swag.Swag_test@4afcd809]" started-at="2025-05-27T14:27:47 IST" name="invalid_login7" finished-at="2025-05-27T14:27:48 IST" duration-ms="1532" status="FAIL">
          <exception class="java.lang.AssertionError">
            <message>
              <![CDATA[Wrong error message for empty field expected [true] but found [false]]]>
            </message>
            <full-stacktrace>
              <![CDATA[java.lang.AssertionError: Wrong error message for empty field expected [true] but found [false]
at org.testng.Assert.fail(Assert.java:111)
at org.testng.Assert.failNotEquals(Assert.java:1590)
at org.testng.Assert.assertTrue(Assert.java:57)
at techflare.swag.Swag_test.invalid_login7(Swag_test.java:146)
at java.base/jdk.internal.reflect.DirectMethodHandleAccessor.invoke(DirectMethodHandleAccessor.java:103)
at java.base/java.lang.reflect.Method.invoke(Method.java:580)
at org.testng.internal.invokers.MethodInvocationHelper.invokeMethod(MethodInvocationHelper.java:141)
at org.testng.internal.invokers.TestInvoker.invokeMethod(TestInvoker.java:687)
at org.testng.internal.invokers.TestInvoker.invokeTestMethod(TestInvoker.java:230)
at org.testng.internal.invokers.MethodRunner.runInSequence(MethodRunner.java:63)
at org.testng.internal.invokers.TestInvoker$MethodInvocationAgent.invoke(TestInvoker.java:995)
at org.testng.internal.invokers.TestInvoker.invokeTestMethods(TestInvoker.java:203)
at org.testng.internal.invokers.TestMethodWorker.invokeTestMethods(TestMethodWorker.java:154)
at org.testng.internal.invokers.TestMethodWorker.run(TestMethodWorker.java:134)
at java.base/java.util.ArrayList.forEach(ArrayList.java:1596)
at org.testng.TestRunner.privateRun(TestRunner.java:741)
at org.testng.TestRunner.run(TestRunner.java:616)
at org.testng.SuiteRunner.runTest(SuiteRunner.java:421)
at org.testng.SuiteRunner.runSequentially(SuiteRunner.java:413)
at org.testng.SuiteRunner.privateRun(SuiteRunner.java:373)
at org.testng.SuiteRunner.run(SuiteRunner.java:312)
at org.testng.SuiteRunnerWorker.runSuite(SuiteRunnerWorker.java:52)
at org.testng.SuiteRunnerWorker.run(SuiteRunnerWorker.java:95)
at org.testng.TestNG.runSuitesSequentially(TestNG.java:1274)
at org.testng.TestNG.runSuitesLocally(TestNG.java:1208)
at org.testng.TestNG.runSuites(TestNG.java:1112)
at org.testng.TestNG.run(TestNG.java:1079)
at org.testng.remote.AbstractRemoteTestNG.run(AbstractRemoteTestNG.java:115)
at org.testng.remote.RemoteTestNG.initAndRun(RemoteTestNG.java:293)
at org.testng.remote.RemoteTestNG.main(RemoteTestNG.java:91)
]]>
            </full-stacktrace>
          </exception> <!-- java.lang.AssertionError -->
          <reporter-output>
          </reporter-output>
        </test-method> <!-- invalid_login7 -->
        <test-method is-config="true" signature="afterMethod()[pri:0, instance:techflare.swag.Swag_test@4afcd809]" started-at="2025-05-27T14:27:48 IST" name="afterMethod" finished-at="2025-05-27T14:27:49 IST" duration-ms="195" status="PASS">
          <reporter-output>
          </reporter-output>
        </test-method> <!-- afterMethod -->
        <test-method is-config="true" signature="beforeMethod()[pri:0, instance:techflare.swag.Swag_test@4afcd809]" started-at="2025-05-27T14:27:49 IST" name="beforeMethod" finished-at="2025-05-27T14:27:50 IST" duration-ms="1590" status="PASS">
          <reporter-output>
          </reporter-output>
        </test-method> <!-- beforeMethod -->
        <test-method signature="menu()[pri:7, instance:techflare.swag.Swag_test@4afcd809]" started-at="2025-05-27T14:27:50 IST" name="menu" finished-at="2025-05-27T14:28:26 IST" duration-ms="36110" status="PASS">
          <reporter-output>
          </reporter-output>
        </test-method> <!-- menu -->
        <test-method is-config="true" signature="afterMethod()[pri:0, instance:techflare.swag.Swag_test@4afcd809]" started-at="2025-05-27T14:28:26 IST" name="afterMethod" finished-at="2025-05-27T14:28:27 IST" duration-ms="309" status="PASS">
          <reporter-output>
          </reporter-output>
        </test-method> <!-- afterMethod -->
        <test-method is-config="true" signature="beforeMethod()[pri:0, instance:techflare.swag.Swag_test@4afcd809]" started-at="2025-05-27T14:28:27 IST" name="beforeMethod" finished-at="2025-05-27T14:28:29 IST" duration-ms="2513" status="PASS">
          <reporter-output>
          </reporter-output>
        </test-method> <!-- beforeMethod -->
        <test-method signature="verifyproduct()[pri:8, instance:techflare.swag.Swag_test@4afcd809]" started-at="2025-05-27T14:28:29 IST" name="verifyproduct" finished-at="2025-05-27T14:28:42 IST" duration-ms="12470" status="PASS">
          <reporter-output>
          </reporter-output>
        </test-method> <!-- verifyproduct -->
        <test-method is-config="true" signature="afterMethod()[pri:0, instance:techflare.swag.Swag_test@4afcd809]" started-at="2025-05-27T14:28:42 IST" name="afterMethod" finished-at="2025-05-27T14:28:42 IST" duration-ms="232" status="PASS">
          <reporter-output>
          </reporter-output>
        </test-method> <!-- afterMethod -->
        <test-method is-config="true" signature="beforeMethod()[pri:0, instance:techflare.swag.Swag_test@4afcd809]" started-at="2025-05-27T14:28:42 IST" name="beforeMethod" finished-at="2025-05-27T14:28:44 IST" duration-ms="1818" status="PASS">
          <reporter-output>
          </reporter-output>
        </test-method> <!-- beforeMethod -->
        <test-method signature="verifyprice()[pri:9, instance:techflare.swag.Swag_test@4afcd809]" started-at="2025-05-27T14:28:44 IST" name="verifyprice" finished-at="2025-05-27T14:28:55 IST" duration-ms="11290" status="PASS">
          <reporter-output>
          </reporter-output>
        </test-method> <!-- verifyprice -->
        <test-method is-config="true" signature="afterMethod()[pri:0, instance:techflare.swag.Swag_test@4afcd809]" started-at="2025-05-27T14:28:55 IST" name="afterMethod" finished-at="2025-05-27T14:28:55 IST" duration-ms="232" status="PASS">
          <reporter-output>
          </reporter-output>
        </test-method> <!-- afterMethod -->
        <test-method is-config="true" signature="beforeMethod()[pri:0, instance:techflare.swag.Swag_test@4afcd809]" started-at="2025-05-27T14:28:55 IST" name="beforeMethod" finished-at="2025-05-27T14:28:57 IST" duration-ms="1708" status="PASS">
          <reporter-output>
          </reporter-output>
        </test-method> <!-- beforeMethod -->
        <test-method signature="add()[pri:10, instance:techflare.swag.Swag_test@4afcd809]" started-at="2025-05-27T14:28:57 IST" name="add" finished-at="2025-05-27T14:29:28 IST" duration-ms="30715" status="PASS">
          <reporter-output>
          </reporter-output>
        </test-method> <!-- add -->
        <test-method is-config="true" signature="afterMethod()[pri:0, instance:techflare.swag.Swag_test@4afcd809]" started-at="2025-05-27T14:29:28 IST" name="afterMethod" finished-at="2025-05-27T14:29:28 IST" duration-ms="286" status="PASS">
          <reporter-output>
          </reporter-output>
        </test-method> <!-- afterMethod -->
        <test-method is-config="true" signature="beforeMethod()[pri:0, instance:techflare.swag.Swag_test@4afcd809]" started-at="2025-05-27T14:29:28 IST" name="beforeMethod" finished-at="2025-05-27T14:29:30 IST" duration-ms="1935" status="PASS">
          <reporter-output>
          </reporter-output>
        </test-method> <!-- beforeMethod -->
        <test-method signature="premove()[pri:11, instance:techflare.swag.Swag_test@4afcd809]" started-at="2025-05-27T14:29:30 IST" name="premove" finished-at="2025-05-27T14:29:38 IST" duration-ms="8573" status="PASS">
          <reporter-output>
          </reporter-output>
        </test-method> <!-- premove -->
        <test-method is-config="true" signature="afterMethod()[pri:0, instance:techflare.swag.Swag_test@4afcd809]" started-at="2025-05-27T14:29:38 IST" name="afterMethod" finished-at="2025-05-27T14:29:39 IST" duration-ms="220" status="PASS">
          <reporter-output>
          </reporter-output>
        </test-method> <!-- afterMethod -->
        <test-method is-config="true" signature="beforeMethod()[pri:0, instance:techflare.swag.Swag_test@4afcd809]" started-at="2025-05-27T14:29:39 IST" name="beforeMethod" finished-at="2025-05-27T14:29:40 IST" duration-ms="1856" status="PASS">
          <reporter-output>
          </reporter-output>
        </test-method> <!-- beforeMethod -->
        <test-method signature="productnameclick()[pri:12, instance:techflare.swag.Swag_test@4afcd809]" started-at="2025-05-27T14:29:40 IST" name="productnameclick" finished-at="2025-05-27T14:30:13 IST" duration-ms="32690" status="PASS">
          <reporter-output>
          </reporter-output>
        </test-method> <!-- productnameclick -->
        <test-method is-config="true" signature="afterMethod()[pri:0, instance:techflare.swag.Swag_test@4afcd809]" started-at="2025-05-27T14:30:13 IST" name="afterMethod" finished-at="2025-05-27T14:30:13 IST" duration-ms="249" status="PASS">
          <reporter-output>
          </reporter-output>
        </test-method> <!-- afterMethod -->
      </class> <!-- techflare.swag.Swag_test -->
    </test> <!-- Default test -->
  </suite> <!-- Default suite -->
</testng-results>
