<?xml version="1.0" encoding="UTF-8"?>
<!-- Generated by org.testng.reporters.JUnitReportReporter -->
<testsuite hostname="DESKTOP-69BA1K1" failures="0" tests="6" name="techflare.swag.product_test" time="50.087" errors="0" timestamp="2025-05-23T10:58:31 IST" skipped="5">
  <testcase classname="techflare.swag.product_test" name="productnameclick" time="50.087"/>
  <testcase classname="techflare.swag.product_test" name="menu">
    <skipped/>
  </testcase> <!-- menu -->
  <testcase classname="techflare.swag.product_test" name="verifyprice">
    <skipped/>
  </testcase> <!-- verifyprice -->
  <testcase classname="techflare.swag.product_test" name="verifyproduct">
    <skipped/>
  </testcase> <!-- verifyproduct -->
  <testcase classname="techflare.swag.product_test" name="premove">
    <skipped/>
  </testcase> <!-- premove -->
  <testcase classname="techflare.swag.product_test" name="add">
    <skipped/>
  </testcase> <!-- add -->
</testsuite> <!-- techflare.swag.product_test -->
