<?xml version="1.0" encoding="UTF-8"?>
<!-- Generated by org.testng.reporters.JUnitReportReporter -->
<testsuite hostname="DESKTOP-69BA1K1" failures="1" tests="13" name="techflare.swag.Swag_test" time="181.820" errors="0" timestamp="2025-05-27T14:30:14 IST" skipped="0">
  <testcase classname="techflare.swag.Swag_test" name="valid_login1" time="13.432"/>
  <testcase classname="techflare.swag.Swag_test" name="invalid_login2" time="4.230"/>
  <testcase classname="techflare.swag.Swag_test" name="invalid_login3" time="4.027"/>
  <testcase classname="techflare.swag.Swag_test" name="invalid_login4" time="3.954"/>
  <testcase classname="techflare.swag.Swag_test" name="invalid_login5" time="4.038"/>
  <testcase classname="techflare.swag.Swag_test" name="invalid_login6" time="3.652"/>
  <testcase classname="techflare.swag.Swag_test" name="invalid_login7" time="3.435">
    <failure message="Wrong error message for empty field expected [true] but found [false]" type="java.lang.AssertionError">
      <![CDATA[java.lang.AssertionError: Wrong error message for empty field expected [true] but found [false]
at org.testng.Assert.fail(Assert.java:111)
at org.testng.Assert.failNotEquals(Assert.java:1590)
at org.testng.Assert.assertTrue(Assert.java:57)
at techflare.swag.Swag_test.invalid_login7(Swag_test.java:146)
at java.base/jdk.internal.reflect.DirectMethodHandleAccessor.invoke(DirectMethodHandleAccessor.java:103)
at java.base/java.lang.reflect.Method.invoke(Method.java:580)
at org.testng.internal.invokers.MethodInvocationHelper.invokeMethod(MethodInvocationHelper.java:141)
at org.testng.internal.invokers.TestInvoker.invokeMethod(TestInvoker.java:687)
at org.testng.internal.invokers.TestInvoker.invokeTestMethod(TestInvoker.java:230)
at org.testng.internal.invokers.MethodRunner.runInSequence(MethodRunner.java:63)
at org.testng.internal.invokers.TestInvoker$MethodInvocationAgent.invoke(TestInvoker.java:995)
at org.testng.internal.invokers.TestInvoker.invokeTestMethods(TestInvoker.java:203)
at org.testng.internal.invokers.TestMethodWorker.invokeTestMethods(TestMethodWorker.java:154)
at org.testng.internal.invokers.TestMethodWorker.run(TestMethodWorker.java:134)
at java.base/java.util.ArrayList.forEach(ArrayList.java:1596)
at org.testng.TestRunner.privateRun(TestRunner.java:741)
at org.testng.TestRunner.run(TestRunner.java:616)
at org.testng.SuiteRunner.runTest(SuiteRunner.java:421)
at org.testng.SuiteRunner.runSequentially(SuiteRunner.java:413)
at org.testng.SuiteRunner.privateRun(SuiteRunner.java:373)
at org.testng.SuiteRunner.run(SuiteRunner.java:312)
at org.testng.SuiteRunnerWorker.runSuite(SuiteRunnerWorker.java:52)
at org.testng.SuiteRunnerWorker.run(SuiteRunnerWorker.java:95)
at org.testng.TestNG.runSuitesSequentially(TestNG.java:1274)
at org.testng.TestNG.runSuitesLocally(TestNG.java:1208)
at org.testng.TestNG.runSuites(TestNG.java:1112)
at org.testng.TestNG.run(TestNG.java:1079)
at org.testng.remote.AbstractRemoteTestNG.run(AbstractRemoteTestNG.java:115)
at org.testng.remote.RemoteTestNG.initAndRun(RemoteTestNG.java:293)
at org.testng.remote.RemoteTestNG.main(RemoteTestNG.java:91)
]]>
    </failure>
  </testcase> <!-- invalid_login7 -->
  <testcase classname="techflare.swag.Swag_test" name="menu" time="38.120"/>
  <testcase classname="techflare.swag.Swag_test" name="verifyproduct" time="15.009"/>
  <testcase classname="techflare.swag.Swag_test" name="verifyprice" time="13.334"/>
  <testcase classname="techflare.swag.Swag_test" name="add" time="33.473"/>
  <testcase classname="techflare.swag.Swag_test" name="premove" time="10.411"/>
  <testcase classname="techflare.swag.Swag_test" name="productnameclick" time="34.705"/>
</testsuite> <!-- techflare.swag.Swag_test -->
